"GET /swagger/ HTTP/1.1" 200 2453
"GET /static/drf-yasg/insQ.min.js HTTP/1.1" 304 0
"GET /static/drf-yasg/immutable.min.js HTTP/1.1" 304 0
"GET /static/drf-yasg/swagger-ui-dist/swagger-ui-bundle.js HTTP/1.1" 304 0
"GET /static/drf-yasg/style.css HTTP/1.1" 304 0
"GET /static/drf-yasg/swagger-ui-init.js HTTP/1.1" 304 0
"GET /static/drf-yasg/swagger-ui-dist/swagger-ui-standalone-preset.js HTTP/1.1" 304 0
"GET /static/drf-yasg/swagger-ui-dist/swagger-ui.css HTTP/1.1" 304 0
"GET /swagger/?format=openapi HTTP/1.1" 200 12974
"GET / HTTP/1.1" 302 0
"GET /accounts/log/login HTTP/1.1" 301 0
"GET /accounts/log/login/ HTTP/1.1" 200 2704
"POST /accounts/log/login/ HTTP/1.1" 302 0
"GET /accounts/profile/ HTTP/1.1" 200 6075
"GET /accounts/profile/ HTTP/1.1" 200 6075
"POST /accounts/log/logout/?next=/accounts/profile/ HTTP/1.1" 302 0
"GET /accounts/profile/ HTTP/1.1" 403 5028
"GET /accounts/log/login/?next=/accounts/profile/ HTTP/1.1" 200 2722
"POST /accounts/log/login/ HTTP/1.1" 302 0
"GET /accounts/profile/ HTTP/1.1" 200 6110
"GET / HTTP/1.1" 302 0
"GET /accounts/log/login HTTP/1.1" 301 0
"GET /accounts/log/login/ HTTP/1.1" 200 2704
"GET /course/courses/ HTTP/1.1" 404 3471
"GET /vacancy/ HTTP/1.1" 200 10639
"GET /vacancy/1/delete/ HTTP/1.1" 403 5819
"GET /vacancy/2/ HTTP/1.1" 404 5946
"GET /vacancy/3/ HTTP/1.1" 200 6279
"GET /vacancy/3/ HTTP/1.1" 200 6279
"GET / HTTP/1.1" 302 0
"GET /accounts/log/login HTTP/1.1" 301 0
"GET /accounts/log/login/ HTTP/1.1" 200 2704
"GET / HTTP/1.1" 302 0
"GET /accounts/log/login HTTP/1.1" 301 0
"GET /accounts/log/login/ HTTP/1.1" 200 2704
"GET /vacancy/ HTTP/1.1" 200 10639
"POST /accounts/log/logout/?next=/vacancy/ HTTP/1.1" 302 0
"GET /vacancy/ HTTP/1.1" 403 5243
"GET /vacancy/ HTTP/1.1" 403 5243
"GET /vacancy/ HTTP/1.1" 403 5243
"GET /vacancy/ HTTP/1.1" 403 5243
"GET /vacancy/ HTTP/1.1" 403 5243
"GET /vacancy/ HTTP/1.1" 403 5243
"GET /vacancy/ HTTP/1.1" 403 5243
"GET /vacancy/ HTTP/1.1" 200 10105
"GET /vacancy/create/ HTTP/1.1" 403 3825
"GET /accounts/log/login/?next=/vacancy/create/ HTTP/1.1" 200 2720
"POST /accounts/log/login/ HTTP/1.1" 302 0
"GET /vacancy/create/ HTTP/1.1" 405 8823
"GET / HTTP/1.1" 302 0
"GET /accounts/log/login HTTP/1.1" 301 0
"GET /accounts/log/login/ HTTP/1.1" 200 2704
"GET / HTTP/1.1" 302 0
"GET /accounts/log/login HTTP/1.1" 301 0
"GET /accounts/log/login/ HTTP/1.1" 200 2704
"POST /accounts/log/login/ HTTP/1.1" 302 0
"GET /accounts/profile/ HTTP/1.1" 200 6108
"GET /accounts/profile/ HTTP/1.1" 200 6108
"GET /vacancy/ HTTP/1.1" 200 10638
"GET /vacancy/vacancies-per-month HTTP/1.1" 301 0
"GET /vacancy/vacancies-per-month/ HTTP/1.1" 200 122
"GET / HTTP/1.1" 302 0
"GET /accounts/log/login HTTP/1.1" 301 0
"GET /accounts/log/login/ HTTP/1.1" 200 2704
"GET /vacancy/vacancies-per-month/ HTTP/1.1" 200 122
"GET /vacancy/vacancies-per-month/ HTTP/1.1" 200 122
"GET /vacancy/vacancies-per-month/ HTTP/1.1" 200 122
"GET /vacancy/vacancies-analytics HTTP/1.1" 301 0
"GET /vacancy/vacancies-analytics/ HTTP/1.1" 500 112936
- Broken pipe from ('127.0.0.1', 58858)
"GET /vacancy/vacancies-analytics/ HTTP/1.1" 200 2191
"GET /vacancy/vacancies-per-month/ HTTP/1.1" 200 122
"GET / HTTP/1.1" 302 0
"GET /accounts/log/login HTTP/1.1" 301 0
"GET /accounts/log/login/ HTTP/1.1" 200 2704
"GET /static/rest_framework/css/prettify.css HTTP/1.1" 200 817
"GET /static/rest_framework/css/bootstrap-tweaks.css HTTP/1.1" 200 3426
"GET /static/rest_framework/css/default.css HTTP/1.1" 200 1152
"GET /static/rest_framework/css/bootstrap.min.css HTTP/1.1" 200 121457
"GET /static/rest_framework/img/grid.png HTTP/1.1" 200 1458
"GET /favicon.ico HTTP/1.1" 404 3459
"POST /accounts/log/login/ HTTP/1.1" 200 2942
"POST /accounts/log/login/ HTTP/1.1" 200 2942
"GET / HTTP/1.1" 302 0
"GET /accounts/log/login/ HTTP/1.1" 200 2704
"GET /static/rest_framework/css/bootstrap.min.css HTTP/1.1" 304 0
"GET /static/rest_framework/css/bootstrap-tweaks.css HTTP/1.1" 304 0
"GET /static/rest_framework/css/prettify.css HTTP/1.1" 304 0
"GET /static/rest_framework/css/default.css HTTP/1.1" 304 0
"GET /static/rest_framework/img/grid.png HTTP/1.1" 304 0
"GET / HTTP/1.1" 302 0
"GET /accounts/log/login/ HTTP/1.1" 200 2704
"GET /static/rest_framework/css/bootstrap-tweaks.css HTTP/1.1" 304 0
"GET /static/rest_framework/css/bootstrap.min.css HTTP/1.1" 304 0
"GET /static/rest_framework/css/prettify.css HTTP/1.1" 304 0
"GET /static/rest_framework/css/default.css HTTP/1.1" 304 0
"GET /static/rest_framework/img/grid.png HTTP/1.1" 304 0
"POST /accounts/log/login/ HTTP/1.1" 200 2941
"POST /accounts/log/login/ HTTP/1.1" 302 0
"GET /accounts/profile/ HTTP/1.1" 200 6091
"GET /static/rest_framework/js/csrf.js HTTP/1.1" 200 1793
"GET /static/rest_framework/js/ajax-form.js HTTP/1.1" 200 3796
"GET /static/rest_framework/js/prettify-min.js HTTP/1.1" 200 13632
"GET /static/rest_framework/js/default.js HTTP/1.1" 200 1268
"GET /static/rest_framework/js/bootstrap.min.js HTTP/1.1" 200 39680
"GET /static/rest_framework/js/load-ajax-form.js HTTP/1.1" 200 59
"GET /static/rest_framework/js/jquery-3.7.1.min.js HTTP/1.1" 200 87533
"GET /accounts/profile/ HTTP/1.1" 200 6091
"OPTIONS /accounts/profile/ HTTP/1.1" 200 6135
"OPTIONS /accounts/profile/ HTTP/1.1" 200 6135
"GET /accounts/profile/?format=json HTTP/1.1" 200 119
"OPTIONS /accounts/profile/ HTTP/1.1" 200 6135
"POST /accounts/log/logout/?next=/accounts/profile/ HTTP/1.1" 302 0
"GET /accounts/profile/ HTTP/1.1" 403 5028
"GET /static/rest_framework/css/bootstrap.min.css HTTP/1.1" 304 0
"GET /static/rest_framework/css/bootstrap-tweaks.css HTTP/1.1" 304 0
"GET /static/rest_framework/css/prettify.css HTTP/1.1" 304 0
"GET /static/rest_framework/css/default.css HTTP/1.1" 304 0
"GET /static/rest_framework/js/ajax-form.js HTTP/1.1" 304 0
"GET /static/rest_framework/js/bootstrap.min.js HTTP/1.1" 304 0
"GET /static/rest_framework/js/jquery-3.7.1.min.js HTTP/1.1" 304 0
"GET /static/rest_framework/js/csrf.js HTTP/1.1" 304 0
"GET /static/rest_framework/js/load-ajax-form.js HTTP/1.1" 304 0
"GET /static/rest_framework/js/prettify-min.js HTTP/1.1" 304 0
"GET /static/rest_framework/js/default.js HTTP/1.1" 304 0
"GET /accounts/profile/?format=api HTTP/1.1" 403 5061
"GET /accounts/log/login/?next=/accounts/profile/ HTTP/1.1" 200 2722
"POST /accounts/log/login/ HTTP/1.1" 302 0
"GET /accounts/profile/ HTTP/1.1" 200 6091
"GET /accounts/profile/?format=api HTTP/1.1" 200 6135
"GET / HTTP/1.1" 302 0
"GET /accounts/log/login/ HTTP/1.1" 200 2704
"GET /static/rest_framework/img/grid.png HTTP/1.1" 304 0
"GET /pdf/resume/ HTTP/1.1" 500 77611
"GET /pdf/resume/ HTTP/1.1" 500 78226
"GET /pdf/resume/ HTTP/1.1" 500 78089
